============================================================
  Generated by:           Genus(TM) Synthesis Solution 20.11-s111_1
  Generated on:           Nov 02 2025  07:59:11 pm
  Module:                 risc8_pipeline_top
  Operating conditions:   fast (balanced_tree)
  Wireload mode:          enclosed
  Area mode:              timing library
============================================================

 
  Hierarchy Report Format : 
 
    level instance ( module ) <status>
 
    status :    preserve_<value> -- indicating preserve hierachy or inherited_preserve value
           :    blackbox --  indicating  unresolved instance
 
==================================================================

 0 risc8_pipeline_top
  1 ALU ( alu ) 
  1 CU ( control_unit ) 
  1 DMEM ( data_memory ) 
  1 EXMEM ( ex_mem_register ) 
  1 FU ( forwarding_unit ) 
  1 IDEX ( id_ex_register ) 
  1 IFID ( if_id_register ) 
  1 IMEM ( instr_mem ) 
  1 MEMWB ( mem_wb_register ) 
  1 PC ( program_counter ) 
  1 RF ( register_file ) 
