============================================================
  Generated by:           Genus(TM) Synthesis Solution 20.11-s111_1
  Generated on:           Nov 02 2025  07:59:11 pm
  Module:                 risc8_pipeline_top
  Operating conditions:   fast (balanced_tree)
  Wireload mode:          enclosed
  Area mode:              timing library
============================================================

Timing
--------

Clock  Period 
--------------
clk   20000.0 


  Cost    Critical         Violating 
 Group   Path Slack  TNS     Paths   
-------------------------------------
clk        No paths   0.0            
default    No paths   0.0            
in2out     No paths   0.0            
in2reg     No paths   0.0            
reg2out     15443.6   0.0          0 
reg2reg     17265.0   0.0          0 
-------------------------------------
Total                 0.0          0 

Instance Count
--------------
Leaf Instance Count             151 
Physical Instance count           0 
Sequential Instance Count        51 
Combinational Instance Count    100 
Hierarchical Instance Count      11 

Area
----
Cell Area                          5478.581
Physical Cell Area                 0.000
Total Cell Area (Cell+Physical)    5478.581
Net Area                           0.000
Total Area (Cell+Physical+Net)     5478.581

Max Fanout                         51 (clk)
Min Fanout                         0 (alu_flag[0])
Average Fanout                     1.3
Terms to net ratio                 1.9423
Terms to instance ratio            4.0132
Runtime                            16.535538000000003 seconds
Elapsed Runtime                    26 seconds
Genus peak memory usage            1181.52 
Innovus peak memory usage          no_value 
Hostname                           localhost
